2025-02-20 09:24:00 | WARN | repo=arquillian-phantom-driver | action=commit
2025-07-18 07:55:00 | DEBUG | repo=arquillian-phantom-driver | action=commit
2025-06-22 08:08:00 | INFO | repo=arquillian-phantom-driver | action=commit
2025-03-20 16:13:00 | DEBUG | repo=arquillian-phantom-driver | action=commit
2025-04-05 14:00:00 | WARN | repo=arquillian-phantom-driver | action=test | passed=true
2025-10-15 15:34:00 | INFO | repo=arquillian-phantom-driver | action=commit
2025-06-14 13:34:00 | DEBUG | repo=arquillian-phantom-driver | action=commit
2025-11-07 14:23:00 | INFO | repo=arquillian-phantom-driver | action=commit
2025-01-23 07:34:00 | INFO | repo=arquillian-phantom-driver | action=test | passed=true
2025-08-02 11:52:00 | WARN | repo=arquillian-phantom-driver | action=pull
2025-06-24 07:53:00 | INFO | repo=arquillian-phantom-driver | action=test | passed=true
2025-06-02 21:35:00 | WARN | repo=arquillian-phantom-driver | action=commit
2025-09-05 21:42:00 | INFO | repo=arquillian-phantom-driver | action=commit
2025-07-11 20:23:00 | INFO | repo=arquillian-phantom-driver | action=commit
2025-09-28 07:12:00 | WARN | repo=arquillian-phantom-driver | action=commit
2025-10-20 13:16:00 | WARN | repo=arquillian-phantom-driver | action=test | passed=true
2025-03-06 17:45:00 | WARN | repo=arquillian-phantom-driver | action=commit
2025-02-11 15:51:00 | WARN | repo=arquillian-phantom-driver | action=pull
2025-07-21 19:41:00 | WARN | repo=arquillian-phantom-driver | action=edit | files=4
2025-11-23 10:18:00 | DEBUG | repo=arquillian-phantom-driver | action=commit
2025-04-16 17:22:00 | WARN | repo=arquillian-phantom-driver | action=commit
2025-11-17 16:48:00 | DEBUG | repo=arquillian-phantom-driver | action=edit | files=3
2025-04-25 16:49:00 | WARN | repo=arquillian-phantom-driver | action=edit | files=2
2025-08-19 15:07:00 | DEBUG | repo=arquillian-phantom-driver | action=commit
2025-02-22 12:04:00 | DEBUG | repo=arquillian-phantom-driver | action=commit
